app/build/intermediates/manifest_merge_blame_file/debug/manifest-merger-blame-debug-report.txt
1<?xml version="1.0" encoding="utf-8"?>
2<manifest xmlns:android="http://schemas.android.com/apk/res/android"
3    package="com.example.mapbox"
4    android:versionCode="1"
5    android:versionName="1.0" >
6
7    <uses-sdk
8        android:minSdkVersion="34"
9        android:targetSdkVersion="33" />
10
11    <uses-permission android:name="android.permission.ACCESS_FINE_LOCATION" />
11-->src\main\AndroidManifest.xml:6:5-78
11-->src\main\AndroidManifest.xml:6:22-76
12    <uses-permission android:name="android.permission.ACCESS_COARSE_LOCATION" />
12-->src\main\AndroidManifest.xml:7:5-80
12-->src\main\AndroidManifest.xml:7:22-78
13
14    <uses-feature
14-->[com.mapbox.maps:android-core:10.14.1] AndroidManifest.xml:10:5-12:35
15        android:glEsVersion="0x00020000"
15-->[com.mapbox.maps:android-core:10.14.1] AndroidManifest.xml:11:9-41
16        android:required="true" />
16-->[com.mapbox.maps:android-core:10.14.1] AndroidManifest.xml:12:9-32
17    <uses-feature
17-->[com.mapbox.maps:android-core:10.14.1] AndroidManifest.xml:13:5-15:36
18        android:name="android.hardware.wifi"
18-->[com.mapbox.maps:android-core:10.14.1] AndroidManifest.xml:14:9-45
19        android:required="false" /> <!-- Implied by ACCESS_WIFI_STATE. -->
19-->[com.mapbox.maps:android-core:10.14.1] AndroidManifest.xml:15:9-33
20    <uses-permission android:name="android.permission.INTERNET" />
20-->[com.mapbox.maps:android-core:10.14.1] AndroidManifest.xml:17:5-67
20-->[com.mapbox.maps:android-core:10.14.1] AndroidManifest.xml:17:22-64
21    <uses-permission android:name="android.permission.ACCESS_NETWORK_STATE" />
21-->[com.mapbox.maps:android-core:10.14.1] AndroidManifest.xml:18:5-79
21-->[com.mapbox.maps:android-core:10.14.1] AndroidManifest.xml:18:22-76
22    <uses-permission android:name="android.permission.ACCESS_WIFI_STATE" />
22-->[com.mapbox.maps:android-core:10.14.1] AndroidManifest.xml:19:5-76
22-->[com.mapbox.maps:android-core:10.14.1] AndroidManifest.xml:19:22-73
23
24    <permission
24-->[androidx.core:core:1.9.0] AndroidManifest.xml:22:5-24:47
25        android:name="com.example.mapbox.DYNAMIC_RECEIVER_NOT_EXPORTED_PERMISSION"
25-->[androidx.core:core:1.9.0] AndroidManifest.xml:23:9-81
26        android:protectionLevel="signature" />
26-->[androidx.core:core:1.9.0] AndroidManifest.xml:24:9-44
27
28    <uses-permission android:name="com.example.mapbox.DYNAMIC_RECEIVER_NOT_EXPORTED_PERMISSION" />
28-->[androidx.core:core:1.9.0] AndroidManifest.xml:26:5-97
28-->[androidx.core:core:1.9.0] AndroidManifest.xml:26:22-94
29
30    <application
30-->src\main\AndroidManifest.xml:9:5-30:19
31        android:allowBackup="true"
31-->src\main\AndroidManifest.xml:11:9-35
32        android:appComponentFactory="androidx.core.app.CoreComponentFactory"
32-->[androidx.core:core:1.9.0] AndroidManifest.xml:28:18-86
33        android:dataExtractionRules="@xml/data_extraction_rules"
33-->src\main\AndroidManifest.xml:12:9-65
34        android:debuggable="true"
35        android:extractNativeLibs="false"
36        android:fullBackupContent="@xml/backup_rules"
36-->src\main\AndroidManifest.xml:13:9-54
37        android:icon="@mipmap/ic_launcher"
37-->src\main\AndroidManifest.xml:14:9-43
38        android:label="@string/app_name"
38-->src\main\AndroidManifest.xml:15:9-41
39        android:networkSecurityConfig="@xml/network_security_config"
39-->src\main\AndroidManifest.xml:10:9-69
40        android:roundIcon="@mipmap/ic_launcher_round"
40-->src\main\AndroidManifest.xml:16:9-54
41        android:supportsRtl="true"
41-->src\main\AndroidManifest.xml:17:9-35
42        android:testOnly="true"
43        android:theme="@style/Theme.Mapbox" >
43-->src\main\AndroidManifest.xml:18:9-44
44        <activity
44-->src\main\AndroidManifest.xml:20:9-28:20
45            android:name="com.example.mapbox.MainActivity"
45-->src\main\AndroidManifest.xml:21:13-41
46            android:exported="true" >
46-->src\main\AndroidManifest.xml:22:13-36
47            <intent-filter>
47-->src\main\AndroidManifest.xml:23:13-27:29
48                <action android:name="android.intent.action.MAIN" />
48-->src\main\AndroidManifest.xml:24:17-69
48-->src\main\AndroidManifest.xml:24:25-66
49
50                <category android:name="android.intent.category.LAUNCHER" />
50-->src\main\AndroidManifest.xml:26:17-77
50-->src\main\AndroidManifest.xml:26:27-74
51            </intent-filter>
52        </activity>
53        <activity android:name="com.example.mapbox.ItemListViewActivity" />
53-->src\main\AndroidManifest.xml:29:9-57
53-->src\main\AndroidManifest.xml:29:19-55
54
55        <provider
55-->[androidx.emoji2:emoji2:1.2.0] AndroidManifest.xml:24:9-32:20
56            android:name="androidx.startup.InitializationProvider"
56-->[androidx.emoji2:emoji2:1.2.0] AndroidManifest.xml:25:13-67
57            android:authorities="com.example.mapbox.androidx-startup"
57-->[androidx.emoji2:emoji2:1.2.0] AndroidManifest.xml:26:13-68
58            android:exported="false" >
58-->[androidx.emoji2:emoji2:1.2.0] AndroidManifest.xml:27:13-37
59            <meta-data
59-->[androidx.emoji2:emoji2:1.2.0] AndroidManifest.xml:29:13-31:52
60                android:name="androidx.emoji2.text.EmojiCompatInitializer"
60-->[androidx.emoji2:emoji2:1.2.0] AndroidManifest.xml:30:17-75
61                android:value="androidx.startup" />
61-->[androidx.emoji2:emoji2:1.2.0] AndroidManifest.xml:31:17-49
62            <meta-data
62-->[androidx.lifecycle:lifecycle-process:2.6.1] AndroidManifest.xml:29:13-31:52
63                android:name="androidx.lifecycle.ProcessLifecycleInitializer"
63-->[androidx.lifecycle:lifecycle-process:2.6.1] AndroidManifest.xml:30:17-78
64                android:value="androidx.startup" />
64-->[androidx.lifecycle:lifecycle-process:2.6.1] AndroidManifest.xml:31:17-49
65            <meta-data
65-->[com.mapbox.maps:android-core:10.14.1] AndroidManifest.xml:27:13-29:52
66                android:name="com.mapbox.maps.loader.MapboxMapsInitializer"
66-->[com.mapbox.maps:android-core:10.14.1] AndroidManifest.xml:28:17-76
67                android:value="androidx.startup" /> <!-- This entry makes MapboxSDKCommonInitializer discoverable. -->
67-->[com.mapbox.maps:android-core:10.14.1] AndroidManifest.xml:29:17-49
68            <meta-data
68-->[com.mapbox.common:common:23.6.0] AndroidManifest.xml:21:13-23:52
69                android:name="com.mapbox.common.MapboxSDKCommonInitializer"
69-->[com.mapbox.common:common:23.6.0] AndroidManifest.xml:22:17-76
70                android:value="androidx.startup" />
70-->[com.mapbox.common:common:23.6.0] AndroidManifest.xml:23:17-49
71            <meta-data
71-->[androidx.profileinstaller:profileinstaller:1.3.0] AndroidManifest.xml:29:13-31:52
72                android:name="androidx.profileinstaller.ProfileInstallerInitializer"
72-->[androidx.profileinstaller:profileinstaller:1.3.0] AndroidManifest.xml:30:17-85
73                android:value="androidx.startup" />
73-->[androidx.profileinstaller:profileinstaller:1.3.0] AndroidManifest.xml:31:17-49
74        </provider>
75
76        <receiver
76-->[com.mapbox.common:common:23.6.0] AndroidManifest.xml:26:9-33:20
77            android:name="com.mapbox.common.location.LocationUpdatesReceiver"
77-->[com.mapbox.common:common:23.6.0] AndroidManifest.xml:27:13-78
78            android:enabled="true"
78-->[com.mapbox.common:common:23.6.0] AndroidManifest.xml:28:13-35
79            android:exported="false" >
79-->[com.mapbox.common:common:23.6.0] AndroidManifest.xml:29:13-37
80            <intent-filter>
80-->[com.mapbox.common:common:23.6.0] AndroidManifest.xml:30:13-32:29
81                <action android:name="com.mapbox.common.location.LocationUpdatesReceiver.ACTION_PROCESS_LOCATION_UPDATES" />
81-->[com.mapbox.common:common:23.6.0] AndroidManifest.xml:31:17-125
81-->[com.mapbox.common:common:23.6.0] AndroidManifest.xml:31:25-122
82            </intent-filter>
83        </receiver>
84
85        <service
85-->[com.mapbox.common:common:23.6.0] AndroidManifest.xml:35:9-37:40
86            android:name="com.mapbox.common.LifecycleService"
86-->[com.mapbox.common:common:23.6.0] AndroidManifest.xml:36:13-62
87            android:exported="false" />
87-->[com.mapbox.common:common:23.6.0] AndroidManifest.xml:37:13-37
88
89        <receiver
89-->[androidx.profileinstaller:profileinstaller:1.3.0] AndroidManifest.xml:34:9-52:20
90            android:name="androidx.profileinstaller.ProfileInstallReceiver"
90-->[androidx.profileinstaller:profileinstaller:1.3.0] AndroidManifest.xml:35:13-76
91            android:directBootAware="false"
91-->[androidx.profileinstaller:profileinstaller:1.3.0] AndroidManifest.xml:36:13-44
92            android:enabled="true"
92-->[androidx.profileinstaller:profileinstaller:1.3.0] AndroidManifest.xml:37:13-35
93            android:exported="true"
93-->[androidx.profileinstaller:profileinstaller:1.3.0] AndroidManifest.xml:38:13-36
94            android:permission="android.permission.DUMP" >
94-->[androidx.profileinstaller:profileinstaller:1.3.0] AndroidManifest.xml:39:13-57
95            <intent-filter>
95-->[androidx.profileinstaller:profileinstaller:1.3.0] AndroidManifest.xml:40:13-42:29
96                <action android:name="androidx.profileinstaller.action.INSTALL_PROFILE" />
96-->[androidx.profileinstaller:profileinstaller:1.3.0] AndroidManifest.xml:41:17-91
96-->[androidx.profileinstaller:profileinstaller:1.3.0] AndroidManifest.xml:41:25-88
97            </intent-filter>
98            <intent-filter>
98-->[androidx.profileinstaller:profileinstaller:1.3.0] AndroidManifest.xml:43:13-45:29
99                <action android:name="androidx.profileinstaller.action.SKIP_FILE" />
99-->[androidx.profileinstaller:profileinstaller:1.3.0] AndroidManifest.xml:44:17-85
99-->[androidx.profileinstaller:profileinstaller:1.3.0] AndroidManifest.xml:44:25-82
100            </intent-filter>
101            <intent-filter>
101-->[androidx.profileinstaller:profileinstaller:1.3.0] AndroidManifest.xml:46:13-48:29
102                <action android:name="androidx.profileinstaller.action.SAVE_PROFILE" />
102-->[androidx.profileinstaller:profileinstaller:1.3.0] AndroidManifest.xml:47:17-88
102-->[androidx.profileinstaller:profileinstaller:1.3.0] AndroidManifest.xml:47:25-85
103            </intent-filter>
104            <intent-filter>
104-->[androidx.profileinstaller:profileinstaller:1.3.0] AndroidManifest.xml:49:13-51:29
105                <action android:name="androidx.profileinstaller.action.BENCHMARK_OPERATION" />
105-->[androidx.profileinstaller:profileinstaller:1.3.0] AndroidManifest.xml:50:17-95
105-->[androidx.profileinstaller:profileinstaller:1.3.0] AndroidManifest.xml:50:25-92
106            </intent-filter>
107        </receiver>
108    </application>
109
110</manifest>